<?xml version="1.0" encoding="UTF-8"?>
<testsuite name="Test1" tests="1" skipped="0" failures="0" errors="0" timestamp="2021-10-28T17:00:31" hostname="LAPTOP-5K9F6OI2" time="0.085">
  <properties/>
  <testcase name="shouldGetUsername()" classname="Test1" time="0.085"/>
  <system-out><![CDATA[]]></system-out>
  <system-err><![CDATA[]]></system-err>
</testsuite>
